Determining if the system is big endian passed with the following output:
Change Dir: /home/celia/midasVESDemo/Midas3DVisualisation/Apps/Android/CMakeBuild/build/CMakeExternals/Build/vtk-host/CMakeFiles/CMakeTmp

Run Build Command:/usr/bin/make "cmTryCompileExec/fast"
make[3]: Entering directory `/home/celia/midasVESDemo/Midas3DVisualisation/Apps/Android/CMakeBuild/build/CMakeExternals/Build/vtk-host/CMakeFiles/CMakeTmp'
/usr/bin/make -f CMakeFiles/cmTryCompileExec.dir/build.make CMakeFiles/cmTryCompileExec.dir/build
make[4]: Entering directory `/home/celia/midasVESDemo/Midas3DVisualisation/Apps/Android/CMakeBuild/build/CMakeExternals/Build/vtk-host/CMakeFiles/CMakeTmp'
/usr/bin/cmake -E cmake_progress_report /home/celia/midasVESDemo/Midas3DVisualisation/Apps/Android/CMakeBuild/build/CMakeExternals/Build/vtk-host/CMakeFiles/CMakeTmp/CMakeFiles 1
Building C object CMakeFiles/cmTryCompileExec.dir/TestEndianess.c.o
/usr/bin/gcc    -o CMakeFiles/cmTryCompileExec.dir/TestEndianess.c.o   -c /home/celia/midasVESDemo/Midas3DVisualisation/Apps/Android/CMakeBuild/build/CMakeExternals/Build/vtk-host/CMakeFiles/CMakeTmp/TestEndianess.c
Linking C executable cmTryCompileExec
/usr/bin/cmake -E cmake_link_script CMakeFiles/cmTryCompileExec.dir/link.txt --verbose=1
/usr/bin/gcc          CMakeFiles/cmTryCompileExec.dir/TestEndianess.c.o  -o cmTryCompileExec -rdynamic 
make[4]: Leaving directory `/home/celia/midasVESDemo/Midas3DVisualisation/Apps/Android/CMakeBuild/build/CMakeExternals/Build/vtk-host/CMakeFiles/CMakeTmp'
make[3]: Leaving directory `/home/celia/midasVESDemo/Midas3DVisualisation/Apps/Android/CMakeBuild/build/CMakeExternals/Build/vtk-host/CMakeFiles/CMakeTmp'

TestEndianess.c:
/* A 16 bit integer is required. */
typedef unsigned short cmakeint16;

/* On a little endian machine, these 16bit ints will give "THIS IS LITTLE ENDIAN."
   On a big endian machine the characters will be exchanged pairwise. */
const cmakeint16 info_little[] =  {0x4854, 0x5349, 0x4920, 0x2053, 0x494c, 0x5454, 0x454c, 0x4520, 0x444e, 0x4149, 0x2e4e, 0x0000};

/* on a big endian machine, these 16bit ints will give "THIS IS BIG ENDIAN."
   On a little endian machine the characters will be exchanged pairwise. */
const cmakeint16 info_big[] =     {0x5448, 0x4953, 0x2049, 0x5320, 0x4249, 0x4720, 0x454e, 0x4449, 0x414e, 0x2e2e, 0x0000};

#ifdef __CLASSIC_C__
int main(argc, argv) int argc; char *argv[];
#else
int main(int argc, char *argv[])
#endif
{
  int require = 0;
  require += info_little[argc];
  require += info_big[argc];
  (void)argv;
  return require;
}


Determining if the function pthread_create exists in the pthreads failed with the following output:
Change Dir: /home/celia/midasVESDemo/Midas3DVisualisation/Apps/Android/CMakeBuild/build/CMakeExternals/Build/vtk-host/CMakeFiles/CMakeTmp

Run Build Command:/usr/bin/make "cmTryCompileExec/fast"
make[3]: Entering directory `/home/celia/midasVESDemo/Midas3DVisualisation/Apps/Android/CMakeBuild/build/CMakeExternals/Build/vtk-host/CMakeFiles/CMakeTmp'
/usr/bin/make -f CMakeFiles/cmTryCompileExec.dir/build.make CMakeFiles/cmTryCompileExec.dir/build
make[4]: Entering directory `/home/celia/midasVESDemo/Midas3DVisualisation/Apps/Android/CMakeBuild/build/CMakeExternals/Build/vtk-host/CMakeFiles/CMakeTmp'
/usr/bin/cmake -E cmake_progress_report /home/celia/midasVESDemo/Midas3DVisualisation/Apps/Android/CMakeBuild/build/CMakeExternals/Build/vtk-host/CMakeFiles/CMakeTmp/CMakeFiles 1
Building C object CMakeFiles/cmTryCompileExec.dir/CheckFunctionExists.c.o
/usr/bin/gcc   -DCHECK_FUNCTION_EXISTS=pthread_create   -o CMakeFiles/cmTryCompileExec.dir/CheckFunctionExists.c.o   -c /usr/share/cmake-2.8/Modules/CheckFunctionExists.c
Linking C executable cmTryCompileExec
/usr/bin/cmake -E cmake_link_script CMakeFiles/cmTryCompileExec.dir/link.txt --verbose=1
/usr/bin/gcc      -DCHECK_FUNCTION_EXISTS=pthread_create    CMakeFiles/cmTryCompileExec.dir/CheckFunctionExists.c.o  -o cmTryCompileExec -rdynamic -lpthreads 
/usr/bin/ld: cannot find -lpthreads
collect2: ld returned 1 exit status
make[4]: *** [cmTryCompileExec] Error 1
make[4]: Leaving directory `/home/celia/midasVESDemo/Midas3DVisualisation/Apps/Android/CMakeBuild/build/CMakeExternals/Build/vtk-host/CMakeFiles/CMakeTmp'
make[3]: *** [cmTryCompileExec/fast] Error 2
make[3]: Leaving directory `/home/celia/midasVESDemo/Midas3DVisualisation/Apps/Android/CMakeBuild/build/CMakeExternals/Build/vtk-host/CMakeFiles/CMakeTmp'


Determining size of __int64 failed with the following output:
Change Dir: /home/celia/midasVESDemo/Midas3DVisualisation/Apps/Android/CMakeBuild/build/CMakeExternals/Build/vtk-host/CMakeFiles/CMakeTmp

Run Build Command:/usr/bin/make "cmTryCompileExec/fast"
make[3]: Entering directory `/home/celia/midasVESDemo/Midas3DVisualisation/Apps/Android/CMakeBuild/build/CMakeExternals/Build/vtk-host/CMakeFiles/CMakeTmp'
/usr/bin/make -f CMakeFiles/cmTryCompileExec.dir/build.make CMakeFiles/cmTryCompileExec.dir/build
make[4]: Entering directory `/home/celia/midasVESDemo/Midas3DVisualisation/Apps/Android/CMakeBuild/build/CMakeExternals/Build/vtk-host/CMakeFiles/CMakeTmp'
/usr/bin/cmake -E cmake_progress_report /home/celia/midasVESDemo/Midas3DVisualisation/Apps/Android/CMakeBuild/build/CMakeExternals/Build/vtk-host/CMakeFiles/CMakeTmp/CMakeFiles 1
Building C object CMakeFiles/cmTryCompileExec.dir/VTK_SIZEOF___INT64.c.o
/usr/bin/gcc    -o CMakeFiles/cmTryCompileExec.dir/VTK_SIZEOF___INT64.c.o   -c /home/celia/midasVESDemo/Midas3DVisualisation/Apps/Android/CMakeBuild/build/CMakeExternals/Build/vtk-host/CMakeFiles/CheckTypeSize/VTK_SIZEOF___INT64.c
/home/celia/midasVESDemo/Midas3DVisualisation/Apps/Android/CMakeBuild/build/CMakeExternals/Build/vtk-host/CMakeFiles/CheckTypeSize/VTK_SIZEOF___INT64.c:19:12: error: ‘__int64’ undeclared here (not in a function)
make[4]: *** [CMakeFiles/cmTryCompileExec.dir/VTK_SIZEOF___INT64.c.o] Error 1
make[4]: Leaving directory `/home/celia/midasVESDemo/Midas3DVisualisation/Apps/Android/CMakeBuild/build/CMakeExternals/Build/vtk-host/CMakeFiles/CMakeTmp'
make[3]: *** [cmTryCompileExec/fast] Error 2
make[3]: Leaving directory `/home/celia/midasVESDemo/Midas3DVisualisation/Apps/Android/CMakeBuild/build/CMakeExternals/Build/vtk-host/CMakeFiles/CMakeTmp'

/home/celia/midasVESDemo/Midas3DVisualisation/Apps/Android/CMakeBuild/build/CMakeExternals/Build/vtk-host/CMakeFiles/CheckTypeSize/VTK_SIZEOF___INT64.c:
#include <sys/types.h>
#include <stdint.h>
#include <stddef.h>


#undef KEY
#if defined(__i386)
# define KEY '_','_','i','3','8','6'
#elif defined(__x86_64)
# define KEY '_','_','x','8','6','_','6','4'
#elif defined(__ppc__)
# define KEY '_','_','p','p','c','_','_'
#elif defined(__ppc64__)
# define KEY '_','_','p','p','c','6','4','_','_'
#endif

#define SIZE (sizeof(__int64))
char info_size[] =  {'I', 'N', 'F', 'O', ':', 's','i','z','e','[',
  ('0' + ((SIZE / 10000)%10)),
  ('0' + ((SIZE / 1000)%10)),
  ('0' + ((SIZE / 100)%10)),
  ('0' + ((SIZE / 10)%10)),
  ('0' +  (SIZE    % 10)),
  ']',
#ifdef KEY
  ' ','k','e','y','[', KEY, ']',
#endif
  '\0'};

#ifdef __CLASSIC_C__
int main(argc, argv) int argc; char *argv[];
#else
int main(int argc, char *argv[])
#endif
{
  int require = 0;
  require += info_size[argc];
  (void)argv;
  return require;
}


Determining if the include file iostream.h exists failed with the following output:
Change Dir: /home/celia/midasVESDemo/Midas3DVisualisation/Apps/Android/CMakeBuild/build/CMakeExternals/Build/vtk-host/CMakeFiles/CMakeTmp

Run Build Command:/usr/bin/make "cmTryCompileExec/fast"
make[3]: Entering directory `/home/celia/midasVESDemo/Midas3DVisualisation/Apps/Android/CMakeBuild/build/CMakeExternals/Build/vtk-host/CMakeFiles/CMakeTmp'
/usr/bin/make -f CMakeFiles/cmTryCompileExec.dir/build.make CMakeFiles/cmTryCompileExec.dir/build
make[4]: Entering directory `/home/celia/midasVESDemo/Midas3DVisualisation/Apps/Android/CMakeBuild/build/CMakeExternals/Build/vtk-host/CMakeFiles/CMakeTmp'
/usr/bin/cmake -E cmake_progress_report /home/celia/midasVESDemo/Midas3DVisualisation/Apps/Android/CMakeBuild/build/CMakeExternals/Build/vtk-host/CMakeFiles/CMakeTmp/CMakeFiles 1
Building CXX object CMakeFiles/cmTryCompileExec.dir/CheckIncludeFile.cxx.o
/usr/bin/c++     -o CMakeFiles/cmTryCompileExec.dir/CheckIncludeFile.cxx.o -c /home/celia/midasVESDemo/Midas3DVisualisation/Apps/Android/CMakeBuild/build/CMakeExternals/Build/vtk-host/CMakeFiles/CMakeTmp/CheckIncludeFile.cxx
/home/celia/midasVESDemo/Midas3DVisualisation/Apps/Android/CMakeBuild/build/CMakeExternals/Build/vtk-host/CMakeFiles/CMakeTmp/CheckIncludeFile.cxx:1:22: fatal error: iostream.h: No such file or directory
compilation terminated.
make[4]: *** [CMakeFiles/cmTryCompileExec.dir/CheckIncludeFile.cxx.o] Error 1
make[4]: Leaving directory `/home/celia/midasVESDemo/Midas3DVisualisation/Apps/Android/CMakeBuild/build/CMakeExternals/Build/vtk-host/CMakeFiles/CMakeTmp'
make[3]: *** [cmTryCompileExec/fast] Error 2
make[3]: Leaving directory `/home/celia/midasVESDemo/Midas3DVisualisation/Apps/Android/CMakeBuild/build/CMakeExternals/Build/vtk-host/CMakeFiles/CMakeTmp'


Determining if the function getsockname exists in the socket failed with the following output:
Change Dir: /home/celia/midasVESDemo/Midas3DVisualisation/Apps/Android/CMakeBuild/build/CMakeExternals/Build/vtk-host/CMakeFiles/CMakeTmp

Run Build Command:/usr/bin/make "cmTryCompileExec/fast"
make[3]: Entering directory `/home/celia/midasVESDemo/Midas3DVisualisation/Apps/Android/CMakeBuild/build/CMakeExternals/Build/vtk-host/CMakeFiles/CMakeTmp'
/usr/bin/make -f CMakeFiles/cmTryCompileExec.dir/build.make CMakeFiles/cmTryCompileExec.dir/build
make[4]: Entering directory `/home/celia/midasVESDemo/Midas3DVisualisation/Apps/Android/CMakeBuild/build/CMakeExternals/Build/vtk-host/CMakeFiles/CMakeTmp'
/usr/bin/cmake -E cmake_progress_report /home/celia/midasVESDemo/Midas3DVisualisation/Apps/Android/CMakeBuild/build/CMakeExternals/Build/vtk-host/CMakeFiles/CMakeTmp/CMakeFiles 1
Building C object CMakeFiles/cmTryCompileExec.dir/CheckFunctionExists.c.o
/usr/bin/gcc   -DCHECK_FUNCTION_EXISTS=getsockname   -o CMakeFiles/cmTryCompileExec.dir/CheckFunctionExists.c.o   -c /usr/share/cmake-2.8/Modules/CheckFunctionExists.c
Linking C executable cmTryCompileExec
/usr/bin/cmake -E cmake_link_script CMakeFiles/cmTryCompileExec.dir/link.txt --verbose=1
/usr/bin/gcc      -DCHECK_FUNCTION_EXISTS=getsockname    CMakeFiles/cmTryCompileExec.dir/CheckFunctionExists.c.o  -o cmTryCompileExec -rdynamic -lsocket 
/usr/bin/ld: cannot find -lsocket
collect2: ld returned 1 exit status
make[4]: Leaving directory `/home/celia/midasVESDemo/Midas3DVisualisation/Apps/Android/CMakeBuild/build/CMakeExternals/Build/vtk-host/CMakeFiles/CMakeTmp'
make[4]: *** [cmTryCompileExec] Error 1
make[3]: *** [cmTryCompileExec/fast] Error 2
make[3]: Leaving directory `/home/celia/midasVESDemo/Midas3DVisualisation/Apps/Android/CMakeBuild/build/CMakeExternals/Build/vtk-host/CMakeFiles/CMakeTmp'


Checking for non-standard argument to stl allocator<>::max_size failed to compile with the following output:
Change Dir: /home/celia/midasVESDemo/Midas3DVisualisation/Apps/Android/CMakeBuild/build/CMakeExternals/Build/vtk-host/Utilities/KWSys/vtksys/CMakeFiles/CMakeTmp

Run Build Command:/usr/bin/make "cmTryCompileExec/fast"
make[3]: Entering directory `/home/celia/midasVESDemo/Midas3DVisualisation/Apps/Android/CMakeBuild/build/CMakeExternals/Build/vtk-host/Utilities/KWSys/vtksys/CMakeFiles/CMakeTmp'
/usr/bin/make -f CMakeFiles/cmTryCompileExec.dir/build.make CMakeFiles/cmTryCompileExec.dir/build
make[4]: Entering directory `/home/celia/midasVESDemo/Midas3DVisualisation/Apps/Android/CMakeBuild/build/CMakeExternals/Build/vtk-host/Utilities/KWSys/vtksys/CMakeFiles/CMakeTmp'
/usr/bin/cmake -E cmake_progress_report /home/celia/midasVESDemo/Midas3DVisualisation/Apps/Android/CMakeBuild/build/CMakeExternals/Build/vtk-host/Utilities/KWSys/vtksys/CMakeFiles/CMakeTmp/CMakeFiles 1
Building CXX object CMakeFiles/cmTryCompileExec.dir/kwsysPlatformTestsCXX.cxx.o
/usr/bin/c++   -DTEST_KWSYS_STL_HAS_ALLOCATOR_MAX_SIZE_ARGUMENT -DKWSYS_STL_HAVE_STD=1  -o CMakeFiles/cmTryCompileExec.dir/kwsysPlatformTestsCXX.cxx.o -c /home/celia/midasVESDemo/Midas3DVisualisation/Apps/Android/CMakeBuild/build/CMakeExternals/Source/vtk/Utilities/KWSys/vtksys/kwsysPlatformTestsCXX.cxx
/home/celia/midasVESDemo/Midas3DVisualisation/Apps/Android/CMakeBuild/build/CMakeExternals/Source/vtk/Utilities/KWSys/vtksys/kwsysPlatformTestsCXX.cxx: In function ‘void f(const std::allocator<char>&)’:
/home/celia/midasVESDemo/Midas3DVisualisation/Apps/Android/CMakeBuild/build/CMakeExternals/Source/vtk/Utilities/KWSys/vtksys/kwsysPlatformTestsCXX.cxx:247:25: error: no matching function for call to ‘std::allocator<char>::max_size(long unsigned int) const’
/home/celia/midasVESDemo/Midas3DVisualisation/Apps/Android/CMakeBuild/build/CMakeExternals/Source/vtk/Utilities/KWSys/vtksys/kwsysPlatformTestsCXX.cxx:247:25: note: candidate is:
/usr/include/c++/4.6/ext/new_allocator.h:101:7: note: __gnu_cxx::new_allocator<_Tp>::size_type __gnu_cxx::new_allocator<_Tp>::max_size() const [with _Tp = char, __gnu_cxx::new_allocator<_Tp>::size_type = long unsigned int]
/usr/include/c++/4.6/ext/new_allocator.h:101:7: note:   candidate expects 0 arguments, 1 provided
make[4]: *** [CMakeFiles/cmTryCompileExec.dir/kwsysPlatformTestsCXX.cxx.o] Error 1
make[4]: Leaving directory `/home/celia/midasVESDemo/Midas3DVisualisation/Apps/Android/CMakeBuild/build/CMakeExternals/Build/vtk-host/Utilities/KWSys/vtksys/CMakeFiles/CMakeTmp'
make[3]: *** [cmTryCompileExec/fast] Error 2
make[3]: Leaving directory `/home/celia/midasVESDemo/Midas3DVisualisation/Apps/Android/CMakeBuild/build/CMakeExternals/Build/vtk-host/Utilities/KWSys/vtksys/CMakeFiles/CMakeTmp'


Checking whether "<>" is needed for template friends failed to compile with the following output:
Change Dir: /home/celia/midasVESDemo/Midas3DVisualisation/Apps/Android/CMakeBuild/build/CMakeExternals/Build/vtk-host/Utilities/KWSys/vtksys/CMakeFiles/CMakeTmp

Run Build Command:/usr/bin/make "cmTryCompileExec/fast"
make[3]: Entering directory `/home/celia/midasVESDemo/Midas3DVisualisation/Apps/Android/CMakeBuild/build/CMakeExternals/Build/vtk-host/Utilities/KWSys/vtksys/CMakeFiles/CMakeTmp'
/usr/bin/make -f CMakeFiles/cmTryCompileExec.dir/build.make CMakeFiles/cmTryCompileExec.dir/build
make[4]: Entering directory `/home/celia/midasVESDemo/Midas3DVisualisation/Apps/Android/CMakeBuild/build/CMakeExternals/Build/vtk-host/Utilities/KWSys/vtksys/CMakeFiles/CMakeTmp'
/usr/bin/cmake -E cmake_progress_report /home/celia/midasVESDemo/Midas3DVisualisation/Apps/Android/CMakeBuild/build/CMakeExternals/Build/vtk-host/Utilities/KWSys/vtksys/CMakeFiles/CMakeTmp/CMakeFiles 1
Building CXX object CMakeFiles/cmTryCompileExec.dir/kwsysPlatformTestsCXX.cxx.o
/usr/bin/c++   -DTEST_KWSYS_CXX_HAS_NULL_TEMPLATE_ARGS  -o CMakeFiles/cmTryCompileExec.dir/kwsysPlatformTestsCXX.cxx.o -c /home/celia/midasVESDemo/Midas3DVisualisation/Apps/Android/CMakeBuild/build/CMakeExternals/Source/vtk/Utilities/KWSys/vtksys/kwsysPlatformTestsCXX.cxx
/home/celia/midasVESDemo/Midas3DVisualisation/Apps/Android/CMakeBuild/build/CMakeExternals/Source/vtk/Utilities/KWSys/vtksys/kwsysPlatformTestsCXX.cxx:132:21: warning: friend declaration ‘int f(A<T>&)’ declares a non-template function [-Wnon-template-friend]
/home/celia/midasVESDemo/Midas3DVisualisation/Apps/Android/CMakeBuild/build/CMakeExternals/Source/vtk/Utilities/KWSys/vtksys/kwsysPlatformTestsCXX.cxx:132:21: note: (if this is not what you intended, make sure the function template has already been declared and add <> after the function name here) 
/home/celia/midasVESDemo/Midas3DVisualisation/Apps/Android/CMakeBuild/build/CMakeExternals/Source/vtk/Utilities/KWSys/vtksys/kwsysPlatformTestsCXX.cxx: In function ‘int f(A<T>&) [with T = int]’:
/home/celia/midasVESDemo/Midas3DVisualisation/Apps/Android/CMakeBuild/build/CMakeExternals/Source/vtk/Utilities/KWSys/vtksys/kwsysPlatformTestsCXX.cxx:138:23:   instantiated from here
/home/celia/midasVESDemo/Midas3DVisualisation/Apps/Android/CMakeBuild/build/CMakeExternals/Source/vtk/Utilities/KWSys/vtksys/kwsysPlatformTestsCXX.cxx:134:7: error: ‘int A<int>::x’ is private
/home/celia/midasVESDemo/Midas3DVisualisation/Apps/Android/CMakeBuild/build/CMakeExternals/Source/vtk/Utilities/KWSys/vtksys/kwsysPlatformTestsCXX.cxx:137:50: error: within this context
make[4]: *** [CMakeFiles/cmTryCompileExec.dir/kwsysPlatformTestsCXX.cxx.o] Error 1
make[4]: Leaving directory `/home/celia/midasVESDemo/Midas3DVisualisation/Apps/Android/CMakeBuild/build/CMakeExternals/Build/vtk-host/Utilities/KWSys/vtksys/CMakeFiles/CMakeTmp'
make[3]: Leaving directory `/home/celia/midasVESDemo/Midas3DVisualisation/Apps/Android/CMakeBuild/build/CMakeExternals/Build/vtk-host/Utilities/KWSys/vtksys/CMakeFiles/CMakeTmp'
make[3]: *** [cmTryCompileExec/fast] Error 2


Determining size of __int64 failed with the following output:
Change Dir: /home/celia/midasVESDemo/Midas3DVisualisation/Apps/Android/CMakeBuild/build/CMakeExternals/Build/vtk-host/CMakeFiles/CMakeTmp

Run Build Command:/usr/bin/make "cmTryCompileExec/fast"
make[3]: Entering directory `/home/celia/midasVESDemo/Midas3DVisualisation/Apps/Android/CMakeBuild/build/CMakeExternals/Build/vtk-host/CMakeFiles/CMakeTmp'
/usr/bin/make -f CMakeFiles/cmTryCompileExec.dir/build.make CMakeFiles/cmTryCompileExec.dir/build
make[4]: Entering directory `/home/celia/midasVESDemo/Midas3DVisualisation/Apps/Android/CMakeBuild/build/CMakeExternals/Build/vtk-host/CMakeFiles/CMakeTmp'
/usr/bin/cmake -E cmake_progress_report /home/celia/midasVESDemo/Midas3DVisualisation/Apps/Android/CMakeBuild/build/CMakeExternals/Build/vtk-host/CMakeFiles/CMakeTmp/CMakeFiles 1
Building C object CMakeFiles/cmTryCompileExec.dir/KWSYS_SIZEOF___INT64.c.o
/usr/bin/gcc    -o CMakeFiles/cmTryCompileExec.dir/KWSYS_SIZEOF___INT64.c.o   -c /home/celia/midasVESDemo/Midas3DVisualisation/Apps/Android/CMakeBuild/build/CMakeExternals/Build/vtk-host/CMakeFiles/CheckTypeSize/KWSYS_SIZEOF___INT64.c
/home/celia/midasVESDemo/Midas3DVisualisation/Apps/Android/CMakeBuild/build/CMakeExternals/Build/vtk-host/CMakeFiles/CheckTypeSize/KWSYS_SIZEOF___INT64.c:19:12: error: ‘__int64’ undeclared here (not in a function)
make[4]: *** [CMakeFiles/cmTryCompileExec.dir/KWSYS_SIZEOF___INT64.c.o] Error 1
make[4]: Leaving directory `/home/celia/midasVESDemo/Midas3DVisualisation/Apps/Android/CMakeBuild/build/CMakeExternals/Build/vtk-host/CMakeFiles/CMakeTmp'
make[3]: *** [cmTryCompileExec/fast] Error 2
make[3]: Leaving directory `/home/celia/midasVESDemo/Midas3DVisualisation/Apps/Android/CMakeBuild/build/CMakeExternals/Build/vtk-host/CMakeFiles/CMakeTmp'

/home/celia/midasVESDemo/Midas3DVisualisation/Apps/Android/CMakeBuild/build/CMakeExternals/Build/vtk-host/CMakeFiles/CheckTypeSize/KWSYS_SIZEOF___INT64.c:
#include <sys/types.h>
#include <stdint.h>
#include <stddef.h>


#undef KEY
#if defined(__i386)
# define KEY '_','_','i','3','8','6'
#elif defined(__x86_64)
# define KEY '_','_','x','8','6','_','6','4'
#elif defined(__ppc__)
# define KEY '_','_','p','p','c','_','_'
#elif defined(__ppc64__)
# define KEY '_','_','p','p','c','6','4','_','_'
#endif

#define SIZE (sizeof(__int64))
char info_size[] =  {'I', 'N', 'F', 'O', ':', 's','i','z','e','[',
  ('0' + ((SIZE / 10000)%10)),
  ('0' + ((SIZE / 1000)%10)),
  ('0' + ((SIZE / 100)%10)),
  ('0' + ((SIZE / 10)%10)),
  ('0' +  (SIZE    % 10)),
  ']',
#ifdef KEY
  ' ','k','e','y','[', KEY, ']',
#endif
  '\0'};

#ifdef __CLASSIC_C__
int main(argc, argv) int argc; char *argv[];
#else
int main(int argc, char *argv[])
#endif
{
  int require = 0;
  require += info_size[argc];
  (void)argv;
  return require;
}


Determining if the isnan exist failed with the following output:
Change Dir: /home/celia/midasVESDemo/Midas3DVisualisation/Apps/Android/CMakeBuild/build/CMakeExternals/Build/vtk-host/CMakeFiles/CMakeTmp

Run Build Command:/usr/bin/make "cmTryCompileExec/fast"
make[3]: Entering directory `/home/celia/midasVESDemo/Midas3DVisualisation/Apps/Android/CMakeBuild/build/CMakeExternals/Build/vtk-host/CMakeFiles/CMakeTmp'
/usr/bin/make -f CMakeFiles/cmTryCompileExec.dir/build.make CMakeFiles/cmTryCompileExec.dir/build
make[4]: Entering directory `/home/celia/midasVESDemo/Midas3DVisualisation/Apps/Android/CMakeBuild/build/CMakeExternals/Build/vtk-host/CMakeFiles/CMakeTmp'
/usr/bin/cmake -E cmake_progress_report /home/celia/midasVESDemo/Midas3DVisualisation/Apps/Android/CMakeBuild/build/CMakeExternals/Build/vtk-host/CMakeFiles/CMakeTmp/CMakeFiles 1
Building C object CMakeFiles/cmTryCompileExec.dir/CheckSymbolExists.c.o
/usr/bin/gcc    -o CMakeFiles/cmTryCompileExec.dir/CheckSymbolExists.c.o   -c /home/celia/midasVESDemo/Midas3DVisualisation/Apps/Android/CMakeBuild/build/CMakeExternals/Build/vtk-host/CMakeFiles/CMakeTmp/CheckSymbolExists.c
/home/celia/midasVESDemo/Midas3DVisualisation/Apps/Android/CMakeBuild/build/CMakeExternals/Build/vtk-host/CMakeFiles/CMakeTmp/CheckSymbolExists.c: In function ‘main’:
/home/celia/midasVESDemo/Midas3DVisualisation/Apps/Android/CMakeBuild/build/CMakeExternals/Build/vtk-host/CMakeFiles/CMakeTmp/CheckSymbolExists.c:8:25: error: ‘isnan’ undeclared (first use in this function)
/home/celia/midasVESDemo/Midas3DVisualisation/Apps/Android/CMakeBuild/build/CMakeExternals/Build/vtk-host/CMakeFiles/CMakeTmp/CheckSymbolExists.c:8:25: note: each undeclared identifier is reported only once for each function it appears in
make[4]: Leaving directory `/home/celia/midasVESDemo/Midas3DVisualisation/Apps/Android/CMakeBuild/build/CMakeExternals/Build/vtk-host/CMakeFiles/CMakeTmp'
make[4]: *** [CMakeFiles/cmTryCompileExec.dir/CheckSymbolExists.c.o] Error 1
make[3]: Leaving directory `/home/celia/midasVESDemo/Midas3DVisualisation/Apps/Android/CMakeBuild/build/CMakeExternals/Build/vtk-host/CMakeFiles/CMakeTmp'
make[3]: *** [cmTryCompileExec/fast] Error 2

File /home/celia/midasVESDemo/Midas3DVisualisation/Apps/Android/CMakeBuild/build/CMakeExternals/Build/vtk-host/CMakeFiles/CMakeTmp/CheckSymbolExists.c:
/* */
#include <float.h>

void cmakeRequireSymbol(int dummy,...){(void)dummy;}
int main()
{
#ifndef isnan
  cmakeRequireSymbol(0,&isnan);
#endif
  return 0;
}

Determining if the _isnan exist failed with the following output:
Change Dir: /home/celia/midasVESDemo/Midas3DVisualisation/Apps/Android/CMakeBuild/build/CMakeExternals/Build/vtk-host/CMakeFiles/CMakeTmp

Run Build Command:/usr/bin/make "cmTryCompileExec/fast"
make[3]: Entering directory `/home/celia/midasVESDemo/Midas3DVisualisation/Apps/Android/CMakeBuild/build/CMakeExternals/Build/vtk-host/CMakeFiles/CMakeTmp'
/usr/bin/make -f CMakeFiles/cmTryCompileExec.dir/build.make CMakeFiles/cmTryCompileExec.dir/build
make[4]: Entering directory `/home/celia/midasVESDemo/Midas3DVisualisation/Apps/Android/CMakeBuild/build/CMakeExternals/Build/vtk-host/CMakeFiles/CMakeTmp'
/usr/bin/cmake -E cmake_progress_report /home/celia/midasVESDemo/Midas3DVisualisation/Apps/Android/CMakeBuild/build/CMakeExternals/Build/vtk-host/CMakeFiles/CMakeTmp/CMakeFiles 1
Building C object CMakeFiles/cmTryCompileExec.dir/CheckSymbolExists.c.o
/usr/bin/gcc    -o CMakeFiles/cmTryCompileExec.dir/CheckSymbolExists.c.o   -c /home/celia/midasVESDemo/Midas3DVisualisation/Apps/Android/CMakeBuild/build/CMakeExternals/Build/vtk-host/CMakeFiles/CMakeTmp/CheckSymbolExists.c
/home/celia/midasVESDemo/Midas3DVisualisation/Apps/Android/CMakeBuild/build/CMakeExternals/Build/vtk-host/CMakeFiles/CMakeTmp/CheckSymbolExists.c: In function ‘main’:
/home/celia/midasVESDemo/Midas3DVisualisation/Apps/Android/CMakeBuild/build/CMakeExternals/Build/vtk-host/CMakeFiles/CMakeTmp/CheckSymbolExists.c:8:25: error: ‘_isnan’ undeclared (first use in this function)
/home/celia/midasVESDemo/Midas3DVisualisation/Apps/Android/CMakeBuild/build/CMakeExternals/Build/vtk-host/CMakeFiles/CMakeTmp/CheckSymbolExists.c:8:25: note: each undeclared identifier is reported only once for each function it appears in
make[4]: *** [CMakeFiles/cmTryCompileExec.dir/CheckSymbolExists.c.o] Error 1
make[4]: Leaving directory `/home/celia/midasVESDemo/Midas3DVisualisation/Apps/Android/CMakeBuild/build/CMakeExternals/Build/vtk-host/CMakeFiles/CMakeTmp'
make[3]: *** [cmTryCompileExec/fast] Error 2
make[3]: Leaving directory `/home/celia/midasVESDemo/Midas3DVisualisation/Apps/Android/CMakeBuild/build/CMakeExternals/Build/vtk-host/CMakeFiles/CMakeTmp'

File /home/celia/midasVESDemo/Midas3DVisualisation/Apps/Android/CMakeBuild/build/CMakeExternals/Build/vtk-host/CMakeFiles/CMakeTmp/CheckSymbolExists.c:
/* */
#include <float.h>

void cmakeRequireSymbol(int dummy,...){(void)dummy;}
int main()
{
#ifndef _isnan
  cmakeRequireSymbol(0,&_isnan);
#endif
  return 0;
}

Determining if the isinf exist failed with the following output:
Change Dir: /home/celia/midasVESDemo/Midas3DVisualisation/Apps/Android/CMakeBuild/build/CMakeExternals/Build/vtk-host/CMakeFiles/CMakeTmp

Run Build Command:/usr/bin/make "cmTryCompileExec/fast"
make[3]: Entering directory `/home/celia/midasVESDemo/Midas3DVisualisation/Apps/Android/CMakeBuild/build/CMakeExternals/Build/vtk-host/CMakeFiles/CMakeTmp'
/usr/bin/make -f CMakeFiles/cmTryCompileExec.dir/build.make CMakeFiles/cmTryCompileExec.dir/build
make[4]: Entering directory `/home/celia/midasVESDemo/Midas3DVisualisation/Apps/Android/CMakeBuild/build/CMakeExternals/Build/vtk-host/CMakeFiles/CMakeTmp'
/usr/bin/cmake -E cmake_progress_report /home/celia/midasVESDemo/Midas3DVisualisation/Apps/Android/CMakeBuild/build/CMakeExternals/Build/vtk-host/CMakeFiles/CMakeTmp/CMakeFiles 1
Building C object CMakeFiles/cmTryCompileExec.dir/CheckSymbolExists.c.o
/usr/bin/gcc    -o CMakeFiles/cmTryCompileExec.dir/CheckSymbolExists.c.o   -c /home/celia/midasVESDemo/Midas3DVisualisation/Apps/Android/CMakeBuild/build/CMakeExternals/Build/vtk-host/CMakeFiles/CMakeTmp/CheckSymbolExists.c
/home/celia/midasVESDemo/Midas3DVisualisation/Apps/Android/CMakeBuild/build/CMakeExternals/Build/vtk-host/CMakeFiles/CMakeTmp/CheckSymbolExists.c: In function ‘main’:
/home/celia/midasVESDemo/Midas3DVisualisation/Apps/Android/CMakeBuild/build/CMakeExternals/Build/vtk-host/CMakeFiles/CMakeTmp/CheckSymbolExists.c:8:25: error: ‘isinf’ undeclared (first use in this function)
/home/celia/midasVESDemo/Midas3DVisualisation/Apps/Android/CMakeBuild/build/CMakeExternals/Build/vtk-host/CMakeFiles/CMakeTmp/CheckSymbolExists.c:8:25: note: each undeclared identifier is reported only once for each function it appears in
make[4]: *** [CMakeFiles/cmTryCompileExec.dir/CheckSymbolExists.c.o] Error 1
make[4]: Leaving directory `/home/celia/midasVESDemo/Midas3DVisualisation/Apps/Android/CMakeBuild/build/CMakeExternals/Build/vtk-host/CMakeFiles/CMakeTmp'
make[3]: *** [cmTryCompileExec/fast] Error 2
make[3]: Leaving directory `/home/celia/midasVESDemo/Midas3DVisualisation/Apps/Android/CMakeBuild/build/CMakeExternals/Build/vtk-host/CMakeFiles/CMakeTmp'

File /home/celia/midasVESDemo/Midas3DVisualisation/Apps/Android/CMakeBuild/build/CMakeExternals/Build/vtk-host/CMakeFiles/CMakeTmp/CheckSymbolExists.c:
/* */
#include <float.h>

void cmakeRequireSymbol(int dummy,...){(void)dummy;}
int main()
{
#ifndef isinf
  cmakeRequireSymbol(0,&isinf);
#endif
  return 0;
}

Determining if the function _isinf exists failed with the following output:
Change Dir: /home/celia/midasVESDemo/Midas3DVisualisation/Apps/Android/CMakeBuild/build/CMakeExternals/Build/vtk-host/CMakeFiles/CMakeTmp

Run Build Command:/usr/bin/make "cmTryCompileExec/fast"
make[3]: Entering directory `/home/celia/midasVESDemo/Midas3DVisualisation/Apps/Android/CMakeBuild/build/CMakeExternals/Build/vtk-host/CMakeFiles/CMakeTmp'
/usr/bin/make -f CMakeFiles/cmTryCompileExec.dir/build.make CMakeFiles/cmTryCompileExec.dir/build
make[4]: Entering directory `/home/celia/midasVESDemo/Midas3DVisualisation/Apps/Android/CMakeBuild/build/CMakeExternals/Build/vtk-host/CMakeFiles/CMakeTmp'
/usr/bin/cmake -E cmake_progress_report /home/celia/midasVESDemo/Midas3DVisualisation/Apps/Android/CMakeBuild/build/CMakeExternals/Build/vtk-host/CMakeFiles/CMakeTmp/CMakeFiles 1
Building C object CMakeFiles/cmTryCompileExec.dir/CheckFunctionExists.c.o
/usr/bin/gcc   -DCHECK_FUNCTION_EXISTS=_isinf   -o CMakeFiles/cmTryCompileExec.dir/CheckFunctionExists.c.o   -c /usr/share/cmake-2.8/Modules/CheckFunctionExists.c
Linking C executable cmTryCompileExec
/usr/bin/cmake -E cmake_link_script CMakeFiles/cmTryCompileExec.dir/link.txt --verbose=1
/usr/bin/gcc      -DCHECK_FUNCTION_EXISTS=_isinf    CMakeFiles/cmTryCompileExec.dir/CheckFunctionExists.c.o  -o cmTryCompileExec -rdynamic 
CMakeFiles/cmTryCompileExec.dir/CheckFunctionExists.c.o: In function `main':
CheckFunctionExists.c:(.text+0x15): undefined reference to `_isinf'
collect2: ld returned 1 exit status
make[4]: *** [cmTryCompileExec] Error 1
make[4]: Leaving directory `/home/celia/midasVESDemo/Midas3DVisualisation/Apps/Android/CMakeBuild/build/CMakeExternals/Build/vtk-host/CMakeFiles/CMakeTmp'
make[3]: *** [cmTryCompileExec/fast] Error 2
make[3]: Leaving directory `/home/celia/midasVESDemo/Midas3DVisualisation/Apps/Android/CMakeBuild/build/CMakeExternals/Build/vtk-host/CMakeFiles/CMakeTmp'


Determining if files windows.h exist failed with the following output:
Change Dir: /home/celia/midasVESDemo/Midas3DVisualisation/Apps/Android/CMakeBuild/build/CMakeExternals/Build/vtk-host/CMakeFiles/CMakeTmp

Run Build Command:/usr/bin/make "cmTryCompileExec/fast"
make[3]: Entering directory `/home/celia/midasVESDemo/Midas3DVisualisation/Apps/Android/CMakeBuild/build/CMakeExternals/Build/vtk-host/CMakeFiles/CMakeTmp'
/usr/bin/make -f CMakeFiles/cmTryCompileExec.dir/build.make CMakeFiles/cmTryCompileExec.dir/build
make[4]: Entering directory `/home/celia/midasVESDemo/Midas3DVisualisation/Apps/Android/CMakeBuild/build/CMakeExternals/Build/vtk-host/CMakeFiles/CMakeTmp'
/usr/bin/cmake -E cmake_progress_report /home/celia/midasVESDemo/Midas3DVisualisation/Apps/Android/CMakeBuild/build/CMakeExternals/Build/vtk-host/CMakeFiles/CMakeTmp/CMakeFiles 1
Building C object CMakeFiles/cmTryCompileExec.dir/CheckIncludeFiles.c.o
/usr/bin/gcc   -w     -o CMakeFiles/cmTryCompileExec.dir/CheckIncludeFiles.c.o   -c /home/celia/midasVESDemo/Midas3DVisualisation/Apps/Android/CMakeBuild/build/CMakeExternals/Build/vtk-host/CMakeFiles/CMakeTmp/CheckIncludeFiles.c
/home/celia/midasVESDemo/Midas3DVisualisation/Apps/Android/CMakeBuild/build/CMakeExternals/Build/vtk-host/CMakeFiles/CMakeTmp/CheckIncludeFiles.c:2:21: fatal error: windows.h: No such file or directory
compilation terminated.
make[4]: Leaving directory `/home/celia/midasVESDemo/Midas3DVisualisation/Apps/Android/CMakeBuild/build/CMakeExternals/Build/vtk-host/CMakeFiles/CMakeTmp'
make[4]: *** [CMakeFiles/cmTryCompileExec.dir/CheckIncludeFiles.c.o] Error 1
make[3]: Leaving directory `/home/celia/midasVESDemo/Midas3DVisualisation/Apps/Android/CMakeBuild/build/CMakeExternals/Build/vtk-host/CMakeFiles/CMakeTmp'
make[3]: *** [cmTryCompileExec/fast] Error 2

Source:
/* */
#include <windows.h>


int main(){return 0;}

Determining if files ieeefp.h exist failed with the following output:
Change Dir: /home/celia/midasVESDemo/Midas3DVisualisation/Apps/Android/CMakeBuild/build/CMakeExternals/Build/vtk-host/CMakeFiles/CMakeTmp

Run Build Command:/usr/bin/make "cmTryCompileExec/fast"
make[3]: Entering directory `/home/celia/midasVESDemo/Midas3DVisualisation/Apps/Android/CMakeBuild/build/CMakeExternals/Build/vtk-host/CMakeFiles/CMakeTmp'
/usr/bin/make -f CMakeFiles/cmTryCompileExec.dir/build.make CMakeFiles/cmTryCompileExec.dir/build
make[4]: Entering directory `/home/celia/midasVESDemo/Midas3DVisualisation/Apps/Android/CMakeBuild/build/CMakeExternals/Build/vtk-host/CMakeFiles/CMakeTmp'
/usr/bin/cmake -E cmake_progress_report /home/celia/midasVESDemo/Midas3DVisualisation/Apps/Android/CMakeBuild/build/CMakeExternals/Build/vtk-host/CMakeFiles/CMakeTmp/CMakeFiles 1
Building C object CMakeFiles/cmTryCompileExec.dir/CheckIncludeFiles.c.o
/usr/bin/gcc   -w     -o CMakeFiles/cmTryCompileExec.dir/CheckIncludeFiles.c.o   -c /home/celia/midasVESDemo/Midas3DVisualisation/Apps/Android/CMakeBuild/build/CMakeExternals/Build/vtk-host/CMakeFiles/CMakeTmp/CheckIncludeFiles.c
/home/celia/midasVESDemo/Midas3DVisualisation/Apps/Android/CMakeBuild/build/CMakeExternals/Build/vtk-host/CMakeFiles/CMakeTmp/CheckIncludeFiles.c:2:20: fatal error: ieeefp.h: No such file or directory
compilation terminated.
make[4]: Leaving directory `/home/celia/midasVESDemo/Midas3DVisualisation/Apps/Android/CMakeBuild/build/CMakeExternals/Build/vtk-host/CMakeFiles/CMakeTmp'
make[4]: *** [CMakeFiles/cmTryCompileExec.dir/CheckIncludeFiles.c.o] Error 1
make[3]: *** [cmTryCompileExec/fast] Error 2
make[3]: Leaving directory `/home/celia/midasVESDemo/Midas3DVisualisation/Apps/Android/CMakeBuild/build/CMakeExternals/Build/vtk-host/CMakeFiles/CMakeTmp'

Source:
/* */
#include <ieeefp.h>


int main(){return 0;}

Determining if the function floor exists failed with the following output:
Change Dir: /home/celia/midasVESDemo/Midas3DVisualisation/Apps/Android/CMakeBuild/build/CMakeExternals/Build/vtk-host/CMakeFiles/CMakeTmp

Run Build Command:/usr/bin/make "cmTryCompileExec/fast"
make[3]: Entering directory `/home/celia/midasVESDemo/Midas3DVisualisation/Apps/Android/CMakeBuild/build/CMakeExternals/Build/vtk-host/CMakeFiles/CMakeTmp'
/usr/bin/make -f CMakeFiles/cmTryCompileExec.dir/build.make CMakeFiles/cmTryCompileExec.dir/build
make[4]: Entering directory `/home/celia/midasVESDemo/Midas3DVisualisation/Apps/Android/CMakeBuild/build/CMakeExternals/Build/vtk-host/CMakeFiles/CMakeTmp'
/usr/bin/cmake -E cmake_progress_report /home/celia/midasVESDemo/Midas3DVisualisation/Apps/Android/CMakeBuild/build/CMakeExternals/Build/vtk-host/CMakeFiles/CMakeTmp/CMakeFiles 1
Building C object CMakeFiles/cmTryCompileExec.dir/CheckFunctionExists.c.o
/usr/bin/gcc   -w  -DCHECK_FUNCTION_EXISTS=floor   -o CMakeFiles/cmTryCompileExec.dir/CheckFunctionExists.c.o   -c /usr/share/cmake-2.8/Modules/CheckFunctionExists.c
Linking C executable cmTryCompileExec
/usr/bin/cmake -E cmake_link_script CMakeFiles/cmTryCompileExec.dir/link.txt --verbose=1
/usr/bin/gcc     -w  -DCHECK_FUNCTION_EXISTS=floor    CMakeFiles/cmTryCompileExec.dir/CheckFunctionExists.c.o  -o cmTryCompileExec -rdynamic 
CMakeFiles/cmTryCompileExec.dir/CheckFunctionExists.c.o: In function `main':
CheckFunctionExists.c:(.text+0x15): undefined reference to `floor'
collect2: ld returned 1 exit status
make[4]: *** [cmTryCompileExec] Error 1
make[4]: Leaving directory `/home/celia/midasVESDemo/Midas3DVisualisation/Apps/Android/CMakeBuild/build/CMakeExternals/Build/vtk-host/CMakeFiles/CMakeTmp'
make[3]: *** [cmTryCompileExec/fast] Error 2
make[3]: Leaving directory `/home/celia/midasVESDemo/Midas3DVisualisation/Apps/Android/CMakeBuild/build/CMakeExternals/Build/vtk-host/CMakeFiles/CMakeTmp'


Determining if the function pow exists failed with the following output:
Change Dir: /home/celia/midasVESDemo/Midas3DVisualisation/Apps/Android/CMakeBuild/build/CMakeExternals/Build/vtk-host/CMakeFiles/CMakeTmp

Run Build Command:/usr/bin/make "cmTryCompileExec/fast"
make[3]: Entering directory `/home/celia/midasVESDemo/Midas3DVisualisation/Apps/Android/CMakeBuild/build/CMakeExternals/Build/vtk-host/CMakeFiles/CMakeTmp'
/usr/bin/make -f CMakeFiles/cmTryCompileExec.dir/build.make CMakeFiles/cmTryCompileExec.dir/build
make[4]: Entering directory `/home/celia/midasVESDemo/Midas3DVisualisation/Apps/Android/CMakeBuild/build/CMakeExternals/Build/vtk-host/CMakeFiles/CMakeTmp'
/usr/bin/cmake -E cmake_progress_report /home/celia/midasVESDemo/Midas3DVisualisation/Apps/Android/CMakeBuild/build/CMakeExternals/Build/vtk-host/CMakeFiles/CMakeTmp/CMakeFiles 1
Building C object CMakeFiles/cmTryCompileExec.dir/CheckFunctionExists.c.o
/usr/bin/gcc   -w  -DCHECK_FUNCTION_EXISTS=pow   -o CMakeFiles/cmTryCompileExec.dir/CheckFunctionExists.c.o   -c /usr/share/cmake-2.8/Modules/CheckFunctionExists.c
Linking C executable cmTryCompileExec
/usr/bin/cmake -E cmake_link_script CMakeFiles/cmTryCompileExec.dir/link.txt --verbose=1
/usr/bin/gcc     -w  -DCHECK_FUNCTION_EXISTS=pow    CMakeFiles/cmTryCompileExec.dir/CheckFunctionExists.c.o  -o cmTryCompileExec -rdynamic 
CMakeFiles/cmTryCompileExec.dir/CheckFunctionExists.c.o: In function `main':
CheckFunctionExists.c:(.text+0x15): undefined reference to `pow'
collect2: ld returned 1 exit status
make[4]: *** [cmTryCompileExec] Error 1
make[4]: Leaving directory `/home/celia/midasVESDemo/Midas3DVisualisation/Apps/Android/CMakeBuild/build/CMakeExternals/Build/vtk-host/CMakeFiles/CMakeTmp'
make[3]: *** [cmTryCompileExec/fast] Error 2
make[3]: Leaving directory `/home/celia/midasVESDemo/Midas3DVisualisation/Apps/Android/CMakeBuild/build/CMakeExternals/Build/vtk-host/CMakeFiles/CMakeTmp'


Determining if the function sqrt exists failed with the following output:
Change Dir: /home/celia/midasVESDemo/Midas3DVisualisation/Apps/Android/CMakeBuild/build/CMakeExternals/Build/vtk-host/CMakeFiles/CMakeTmp

Run Build Command:/usr/bin/make "cmTryCompileExec/fast"
make[3]: Entering directory `/home/celia/midasVESDemo/Midas3DVisualisation/Apps/Android/CMakeBuild/build/CMakeExternals/Build/vtk-host/CMakeFiles/CMakeTmp'
/usr/bin/make -f CMakeFiles/cmTryCompileExec.dir/build.make CMakeFiles/cmTryCompileExec.dir/build
make[4]: Entering directory `/home/celia/midasVESDemo/Midas3DVisualisation/Apps/Android/CMakeBuild/build/CMakeExternals/Build/vtk-host/CMakeFiles/CMakeTmp'
/usr/bin/cmake -E cmake_progress_report /home/celia/midasVESDemo/Midas3DVisualisation/Apps/Android/CMakeBuild/build/CMakeExternals/Build/vtk-host/CMakeFiles/CMakeTmp/CMakeFiles 1
Building C object CMakeFiles/cmTryCompileExec.dir/CheckFunctionExists.c.o
/usr/bin/gcc   -w  -DCHECK_FUNCTION_EXISTS=sqrt   -o CMakeFiles/cmTryCompileExec.dir/CheckFunctionExists.c.o   -c /usr/share/cmake-2.8/Modules/CheckFunctionExists.c
Linking C executable cmTryCompileExec
/usr/bin/cmake -E cmake_link_script CMakeFiles/cmTryCompileExec.dir/link.txt --verbose=1
/usr/bin/gcc     -w  -DCHECK_FUNCTION_EXISTS=sqrt    CMakeFiles/cmTryCompileExec.dir/CheckFunctionExists.c.o  -o cmTryCompileExec -rdynamic 
CMakeFiles/cmTryCompileExec.dir/CheckFunctionExists.c.o: In function `main':
CheckFunctionExists.c:(.text+0x15): undefined reference to `sqrt'
collect2: ld returned 1 exit status
make[4]: *** [cmTryCompileExec] Error 1
make[4]: Leaving directory `/home/celia/midasVESDemo/Midas3DVisualisation/Apps/Android/CMakeBuild/build/CMakeExternals/Build/vtk-host/CMakeFiles/CMakeTmp'
make[3]: *** [cmTryCompileExec/fast] Error 2
make[3]: Leaving directory `/home/celia/midasVESDemo/Midas3DVisualisation/Apps/Android/CMakeBuild/build/CMakeExternals/Build/vtk-host/CMakeFiles/CMakeTmp'


Determining if the function areroul exists failed with the following output:
Change Dir: /home/celia/midasVESDemo/Midas3DVisualisation/Apps/Android/CMakeBuild/build/CMakeExternals/Build/vtk-host/CMakeFiles/CMakeTmp

Run Build Command:/usr/bin/make "cmTryCompileExec/fast"
make[3]: Entering directory `/home/celia/midasVESDemo/Midas3DVisualisation/Apps/Android/CMakeBuild/build/CMakeExternals/Build/vtk-host/CMakeFiles/CMakeTmp'
/usr/bin/make -f CMakeFiles/cmTryCompileExec.dir/build.make CMakeFiles/cmTryCompileExec.dir/build
make[4]: Entering directory `/home/celia/midasVESDemo/Midas3DVisualisation/Apps/Android/CMakeBuild/build/CMakeExternals/Build/vtk-host/CMakeFiles/CMakeTmp'
/usr/bin/cmake -E cmake_progress_report /home/celia/midasVESDemo/Midas3DVisualisation/Apps/Android/CMakeBuild/build/CMakeExternals/Build/vtk-host/CMakeFiles/CMakeTmp/CMakeFiles 1
Building C object CMakeFiles/cmTryCompileExec.dir/CheckFunctionExists.c.o
/usr/bin/gcc   -w  -DCHECK_FUNCTION_EXISTS=areroul   -o CMakeFiles/cmTryCompileExec.dir/CheckFunctionExists.c.o   -c /usr/share/cmake-2.8/Modules/CheckFunctionExists.c
Linking C executable cmTryCompileExec
/usr/bin/cmake -E cmake_link_script CMakeFiles/cmTryCompileExec.dir/link.txt --verbose=1
/usr/bin/gcc     -w  -DCHECK_FUNCTION_EXISTS=areroul    CMakeFiles/cmTryCompileExec.dir/CheckFunctionExists.c.o  -o cmTryCompileExec -rdynamic 
CMakeFiles/cmTryCompileExec.dir/CheckFunctionExists.c.o: In function `main':
CheckFunctionExists.c:(.text+0x15): undefined reference to `areroul'
collect2: ld returned 1 exit status
make[4]: *** [cmTryCompileExec] Error 1
make[4]: Leaving directory `/home/celia/midasVESDemo/Midas3DVisualisation/Apps/Android/CMakeBuild/build/CMakeExternals/Build/vtk-host/CMakeFiles/CMakeTmp'
make[3]: *** [cmTryCompileExec/fast] Error 2
make[3]: Leaving directory `/home/celia/midasVESDemo/Midas3DVisualisation/Apps/Android/CMakeBuild/build/CMakeExternals/Build/vtk-host/CMakeFiles/CMakeTmp'


